  main.cpp
D:\Visual Studio Workspace\LearnOpenGL\LearnOpenGL\src\1.7.camera\camera.h(1,14): warning C4081: 应输入“newline”；找到“;”
D:\Visual Studio Workspace\LearnOpenGL\LearnOpenGL\src\1.7.camera\main.cpp(58,11): warning C4244: “=”: 从“double”转换到“float”，可能丢失数据
D:\Visual Studio Workspace\LearnOpenGL\LearnOpenGL\src\1.7.camera\main.cpp(59,11): warning C4244: “=”: 从“double”转换到“float”，可能丢失数据
D:\Visual Studio Workspace\LearnOpenGL\LearnOpenGL\src\1.7.camera\main.cpp(64,15): warning C4244: “初始化”: 从“double”转换到“float”，可能丢失数据
D:\Visual Studio Workspace\LearnOpenGL\LearnOpenGL\src\1.7.camera\main.cpp(65,15): warning C4244: “初始化”: 从“double”转换到“float”，可能丢失数据
D:\Visual Studio Workspace\LearnOpenGL\LearnOpenGL\src\1.7.camera\main.cpp(66,10): warning C4244: “=”: 从“double”转换到“float”，可能丢失数据
D:\Visual Studio Workspace\LearnOpenGL\LearnOpenGL\src\1.7.camera\main.cpp(67,10): warning C4244: “=”: 从“double”转换到“float”，可能丢失数据
D:\Visual Studio Workspace\LearnOpenGL\LearnOpenGL\src\1.7.camera\main.cpp(100,22): warning C4244: “=”: 从“int”转换到“float”，可能丢失数据
D:\Visual Studio Workspace\LearnOpenGL\LearnOpenGL\src\1.7.camera\main.cpp(101,23): warning C4244: “=”: 从“int”转换到“float”，可能丢失数据
D:\Visual Studio Workspace\LearnOpenGL\LearnOpenGL\src\1.7.camera\main.cpp(237,21): warning C4244: “初始化”: 从“double”转换到“float”，可能丢失数据
LINK : warning LNK4098: 默认库“MSVCRT”与其他库的使用冲突；请使用 /NODEFAULTLIB:library
glfw3.lib(window.obj) : error LNK2001: 无法解析的外部符号 __imp__strncpy
glfw3.lib(input.obj) : error LNK2001: 无法解析的外部符号 __imp__strncpy
glfw3.lib(monitor.obj) : error LNK2001: 无法解析的外部符号 __imp__strncpy
glfw3.lib(win32_joystick.obj) : error LNK2001: 无法解析的外部符号 __imp__strncpy
glfw3.lib(input.obj) : error LNK2001: 无法解析的外部符号 __imp__strspn
glfw3.lib(input.obj) : error LNK2001: 无法解析的外部符号 __imp__fmaxf
glfw3.lib(input.obj) : error LNK2001: 无法解析的外部符号 __imp__fminf
glfw3.lib(monitor.obj) : error LNK2001: 无法解析的外部符号 __imp__fminf
glfw3.lib(null_monitor.obj) : error LNK2001: 无法解析的外部符号 __imp__fminf
glfw3.lib(init.obj) : error LNK2001: 无法解析的外部符号 __imp__strtok
MSVCRT.lib(chandler4gs.obj) : error LNK2001: 无法解析的外部符号 __except_handler4_common
D:\Visual Studio Workspace\LearnOpenGL\Release\LearnOpenGL.exe : fatal error LNK1120: 6 个无法解析的外部命令
